7666339645696
855142632556393
586236532840576
42498391579506
463353861917698
524459790815055
223315385674388
646063136719415
215075203858835
127364573865265
494602928971746
328193679752865
62994668091671
376257267394924
606252041666991
20241629160370
125473809218912
152244090908977
122882156553749
670390515553514
407345032069955
168295378927655
295495608505965
9246495431282
19505356444270
2477685336216
66950252592468
22106317606067
314822768058625
526432883777544
290783920055649
79064586598602
24993235938855
56466777012551
39236860804764
760474393142019
110812439393976
260859129377827
879291571414177
56225970123687
16192444611440
633277336368873
691723843653849
605955995611654
20712099949754
176441131977618
6525632617515
795009731106359
23487767885184
163191520655705
256116515416449
632684868472155
455972259971182
37303206338953
15182801169312
325093034105720
331598803950614
173302955245630
19372534966102
6515685555750
278337025027454
138328507012400
5557507011045
139395508202697
105133943318486
349777607084758
65295586457573
6565622337716
3489354564659
705657812841534
969941834784045
265617914816913
316603731410370
3581336432749
101232930139631
638444616812755
80563439917508
213121190795
40706955846226
63258162619636
148516398145443
304681417881318
221226286384353
77375940140561
114446404535481
292473935076303
337224449358798
884313658339492
88119279903003
13436377629840
128652645652167
318738227130435
30690011858129
309248850762610
129527614257209
1171218825227068
45133290665769
310881883338972
138973417524298
621993943279073
